<?xml version="1.1" encoding="UTF-8"?>
<testsuite name="unit.com.points.intersect.IntersectTest" tests="4" failures="0" errors="0" timestamp="2015-11-11T21:39:19" hostname="ayron-VirtualBox" time="0.098">
  <properties/>
  <testcase name="testIntersectNoDupesWithDupes" classname="unit.com.points.intersect.IntersectTest" time="0.083"/>
  <testcase name="testIntersectNoDupesWithEmptySecondList" classname="unit.com.points.intersect.IntersectTest" time="0.001"/>
  <testcase name="testIntersectNoDupesWithEmptyFirstList" classname="unit.com.points.intersect.IntersectTest" time="0.001"/>
  <testcase name="testIntersectNoDupesWithBasicLists" classname="unit.com.points.intersect.IntersectTest" time="0.0"/>
  <system-out><![CDATA[]]></system-out>
  <system-err><![CDATA[]]></system-err>
</testsuite>
