<?xml version="1.1" encoding="UTF-8"?>
<testsuite name="unit.com.points.intersect.IntersectTest" tests="10" failures="0" errors="0" timestamp="2015-11-12T21:28:59" hostname="ayron-VirtualBox" time="0.102">
  <properties/>
  <testcase name="testIntersectNoDupesWithDupes" classname="unit.com.points.intersect.IntersectTest" time="0.076"/>
  <testcase name="testIntersectWithDupesWithNoIntersect" classname="unit.com.points.intersect.IntersectTest" time="0.002"/>
  <testcase name="testIntersectWithDupesWithEmptySecondList" classname="unit.com.points.intersect.IntersectTest" time="0.001"/>
  <testcase name="testIntersectNoDupesWithEmptySecondList" classname="unit.com.points.intersect.IntersectTest" time="0.001"/>
  <testcase name="testIntersectNoDupesWithEmptyFirstList" classname="unit.com.points.intersect.IntersectTest" time="0.001"/>
  <testcase name="testIntersectNoDupesWithNoIntersect" classname="unit.com.points.intersect.IntersectTest" time="0.002"/>
  <testcase name="testIntersectWithDupesWithManyDupes" classname="unit.com.points.intersect.IntersectTest" time="0.001"/>
  <testcase name="testIntersectNoDupesWithBasicLists" classname="unit.com.points.intersect.IntersectTest" time="0.0"/>
  <testcase name="testIntersectWithDupesWithBasicLists" classname="unit.com.points.intersect.IntersectTest" time="0.001"/>
  <testcase name="testIntersectWithDupesWithEmptyFirstList" classname="unit.com.points.intersect.IntersectTest" time="0.001"/>
  <system-out><![CDATA[]]></system-out>
  <system-err><![CDATA[]]></system-err>
</testsuite>
